InvisibleGallery/app/build/outputs/logs/manifest-merger-debug-report.txt
-- Merging decision tree log ---
manifest
ADDED from src\main\AndroidManifest.xml:2:1-54:12
	package
		ADDED from src\main\AndroidManifest.xml:3:5-39
		INJECTED from src\main\AndroidManifest.xml
		INJECTED from src\main\AndroidManifest.xml
	android:versionName
		INJECTED from src\main\AndroidManifest.xml
		INJECTED from src\main\AndroidManifest.xml
	xmlns:android
		ADDED from src\main\AndroidManifest.xml:2:11-69
	android:versionCode
		INJECTED from src\main\AndroidManifest.xml
		INJECTED from src\main\AndroidManifest.xml
uses-sdk
ADDED from src\main\AndroidManifest.xml:6:5-74
	android:targetSdkVersion
		ADDED from src\main\AndroidManifest.xml:6:42-71
		INJECTED from src\main\AndroidManifest.xml
		INJECTED from src\main\AndroidManifest.xml
	android:minSdkVersion
		ADDED from src\main\AndroidManifest.xml:6:15-41
		INJECTED from src\main\AndroidManifest.xml
		INJECTED from src\main\AndroidManifest.xml
uses-feature#0x00020000
ADDED from src\main\AndroidManifest.xml:8:5-54
	android:glEsVersion
		ADDED from src\main\AndroidManifest.xml:8:19-51
uses-feature#android.hardware.camera
ADDED from src\main\AndroidManifest.xml:10:5-60
	android:name
		ADDED from src\main\AndroidManifest.xml:10:19-57
uses-permission#android.permission.CAMERA
ADDED from src\main\AndroidManifest.xml:12:5-65
	android:name
		ADDED from src\main\AndroidManifest.xml:12:22-62
uses-permission#android.permission.INTERNET
ADDED from src\main\AndroidManifest.xml:14:5-66
	android:name
		ADDED from src\main\AndroidManifest.xml:14:22-64
uses-permission#android.permission.ACCESS_NETWORK_STATE
ADDED from src\main\AndroidManifest.xml:16:5-79
	android:name
		ADDED from src\main\AndroidManifest.xml:16:22-76
uses-permission#android.permission.READ_EXTERNAL_STORAGE
ADDED from src\main\AndroidManifest.xml:18:5-79
	android:name
		ADDED from src\main\AndroidManifest.xml:18:22-77
application
ADDED from src\main\AndroidManifest.xml:20:5-52:19
	android:label
		ADDED from src\main\AndroidManifest.xml:22:9-41
	android:launchMode
		ADDED from src\main\AndroidManifest.xml:24:9-40
	android:allowBackup
		ADDED from src\main\AndroidManifest.xml:25:9-35
	android:icon
		ADDED from src\main\AndroidManifest.xml:21:9-38
	android:description
		ADDED from src\main\AndroidManifest.xml:23:9-54
	android:theme
		ADDED from src\main\AndroidManifest.xml:26:9-47
activity#gr.ttss.InvisibleGallery.SplashScreen
ADDED from src\main\AndroidManifest.xml:29:10-40:21
	android:screenOrientation
		ADDED from src\main\AndroidManifest.xml:32:13-49
	android:noHistory
		ADDED from src\main\AndroidManifest.xml:33:13-37
	android:configChanges
		ADDED from src\main\AndroidManifest.xml:31:13-93
	android:name
		ADDED from src\main\AndroidManifest.xml:30:13-65
intent-filter#android.intent.action.MAIN+android.intent.category.LAUNCHER
ADDED from src\main\AndroidManifest.xml:35:13-39:29
action#android.intent.action.MAIN
ADDED from src\main\AndroidManifest.xml:36:17-69
	android:name
		ADDED from src\main\AndroidManifest.xml:36:25-66
category#android.intent.category.LAUNCHER
ADDED from src\main\AndroidManifest.xml:38:17-77
	android:name
		ADDED from src\main\AndroidManifest.xml:38:27-74
activity#gr.ttss.InvisibleGallery.FrameMarkers.FrameMarkers
ADDED from src\main\AndroidManifest.xml:44:9-50:20
	android:launchMode
		ADDED from src\main\AndroidManifest.xml:48:11-42
	android:configChanges
		ADDED from src\main\AndroidManifest.xml:46:13-93
	android:theme
		ADDED from src\main\AndroidManifest.xml:47:10-48
	android:name
		ADDED from src\main\AndroidManifest.xml:45:13-78